# JRE version: Java(TM) SE Runtime Environment (8.0_261-b12) (build 1.8.0_261-b12)
# Java VM: Java HotSpot(TM) 64-Bit Server VM (25.261-b12 mixed mode windows-amd64 compressed oops)
Heap:
 PSYoungGen      total 217600K, used 52644K [0x0000000781300000, 0x0000000792d00000, 0x00000007c0000000)
  eden space 200704K, 26% used [0x0000000781300000,0x00000007846691c8,0x000000078d700000)
  from space 16896K, 0% used [0x000000078d700000,0x000000078d700000,0x000000078e780000)
  to   space 17408K, 0% used [0x0000000791c00000,0x0000000791c00000,0x0000000792d00000)
 ParOldGen       total 170496K, used 24002K [0x0000000703800000, 0x000000070de80000, 0x0000000781300000)
  object space 170496K, 14% used [0x0000000703800000,0x0000000704f70af0,0x000000070de80000)
 Metaspace       used 57697K, capacity 61226K, committed 61592K, reserved 1101824K
  class space    used 7904K, capacity 8482K, committed 8600K, reserved 1048576K
GC Heap History (10 events):
Event: 4.688 GC heap before
{Heap before GC invocations=12 (full 2):
 PSYoungGen      total 144384K, used 135680K [0x0000000781300000, 0x000000078da00000, 0x00000007c0000000)
  eden space 135680K, 100% used [0x0000000781300000,0x0000000789780000,0x0000000789780000)
  from space 8704K, 0% used [0x0000000789780000,0x0000000789780000,0x000000078a000000)
  to   space 10240K, 0% used [0x000000078d000000,0x000000078d000000,0x000000078da00000)
 ParOldGen       total 117248K, used 14547K [0x0000000703800000, 0x000000070aa80000, 0x0000000781300000)
  object space 117248K, 12% used [0x0000000703800000,0x0000000704634f40,0x000000070aa80000)
 Metaspace       used 38287K, capacity 40848K, committed 41008K, reserved 1085440K
  class space    used 5177K, capacity 5621K, committed 5680K, reserved 1048576K
Event: 4.694 GC heap after
Heap after GC invocations=12 (full 2):
 PSYoungGen      total 174592K, used 7585K [0x0000000781300000, 0x000000078d780000, 0x00000007c0000000)
  eden space 166912K, 0% used [0x0000000781300000,0x0000000781300000,0x000000078b600000)
  from space 7680K, 98% used [0x000000078d000000,0x000000078d768780,0x000000078d780000)
  to   space 10240K, 0% used [0x000000078c380000,0x000000078c380000,0x000000078cd80000)
 ParOldGen       total 117248K, used 14555K [0x0000000703800000, 0x000000070aa80000, 0x0000000781300000)
  object space 117248K, 12% used [0x0000000703800000,0x0000000704636f40,0x000000070aa80000)
 Metaspace       used 38287K, capacity 40848K, committed 41008K, reserved 1085440K
  class space    used 5177K, capacity 5621K, committed 5680K, reserved 1048576K
}
Event: 5.537 GC heap before
{Heap before GC invocations=13 (full 2):
 PSYoungGen      total 174592K, used 174497K [0x0000000781300000, 0x000000078d780000, 0x00000007c0000000)
  eden space 166912K, 100% used [0x0000000781300000,0x000000078b600000,0x000000078b600000)
  from space 7680K, 98% used [0x000000078d000000,0x000000078d768780,0x000000078d780000)
  to   space 10240K, 0% used [0x000000078c380000,0x000000078c380000,0x000000078cd80000)
 ParOldGen       total 117248K, used 14555K [0x0000000703800000, 0x000000070aa80000, 0x0000000781300000)
  object space 117248K, 12% used [0x0000000703800000,0x0000000704636f40,0x000000070aa80000)
 Metaspace       used 45365K, capacity 48168K, committed 48304K, reserved 1091584K
  class space    used 6088K, capacity 6555K, committed 6576K, reserved 1048576K
Event: 5.547 GC heap after
Heap after GC invocations=13 (full 2):
 PSYoungGen      total 190976K, used 10214K [0x0000000781300000, 0x000000078f400000, 0x00000007c0000000)
  eden space 180736K, 0% used [0x0000000781300000,0x0000000781300000,0x000000078c380000)
  from space 10240K, 99% used [0x000000078c380000,0x000000078cd79a88,0x000000078cd80000)
  to   space 12800K, 0% used [0x000000078e780000,0x000000078e780000,0x000000078f400000)
 ParOldGen       total 117248K, used 18382K [0x0000000703800000, 0x000000070aa80000, 0x0000000781300000)
  object space 117248K, 15% used [0x0000000703800000,0x00000007049f3858,0x000000070aa80000)
 Metaspace       used 45365K, capacity 48168K, committed 48304K, reserved 1091584K
  class space    used 6088K, capacity 6555K, committed 6576K, reserved 1048576K
}
Event: 6.747 GC heap before
{Heap before GC invocations=14 (full 2):
 PSYoungGen      total 190976K, used 190950K [0x0000000781300000, 0x000000078f400000, 0x00000007c0000000)
  eden space 180736K, 100% used [0x0000000781300000,0x000000078c380000,0x000000078c380000)
  from space 10240K, 99% used [0x000000078c380000,0x000000078cd79a88,0x000000078cd80000)
  to   space 12800K, 0% used [0x000000078e780000,0x000000078e780000,0x000000078f400000)
 ParOldGen       total 117248K, used 18382K [0x0000000703800000, 0x000000070aa80000, 0x0000000781300000)
  object space 117248K, 15% used [0x0000000703800000,0x00000007049f3858,0x000000070aa80000)
 Metaspace       used 54459K, capacity 57672K, committed 57904K, reserved 1099776K
  class space    used 7418K, capacity 7977K, committed 7984K, reserved 1048576K
Event: 6.756 GC heap after
Heap after GC invocations=14 (full 2):
 PSYoungGen      total 213504K, used 12789K [0x0000000781300000, 0x0000000790a00000, 0x00000007c0000000)
  eden space 200704K, 0% used [0x0000000781300000,0x0000000781300000,0x000000078d700000)
  from space 12800K, 99% used [0x000000078e780000,0x000000078f3fd728,0x000000078f400000)
  to   space 16896K, 0% used [0x000000078d700000,0x000000078d700000,0x000000078e780000)
 ParOldGen       total 117248K, used 25153K [0x0000000703800000, 0x000000070aa80000, 0x0000000781300000)
  object space 117248K, 21% used [0x0000000703800000,0x0000000705090540,0x000000070aa80000)
 Metaspace       used 54459K, capacity 57672K, committed 57904K, reserved 1099776K
  class space    used 7418K, capacity 7977K, committed 7984K, reserved 1048576K
}
Event: 6.943 GC heap before
{Heap before GC invocations=15 (full 2):
 PSYoungGen      total 213504K, used 36347K [0x0000000781300000, 0x0000000790a00000, 0x00000007c0000000)
  eden space 200704K, 11% used [0x0000000781300000,0x0000000782a01768,0x000000078d700000)
  from space 12800K, 99% used [0x000000078e780000,0x000000078f3fd728,0x000000078f400000)
  to   space 16896K, 0% used [0x000000078d700000,0x000000078d700000,0x000000078e780000)
 ParOldGen       total 117248K, used 25153K [0x0000000703800000, 0x000000070aa80000, 0x0000000781300000)
  object space 117248K, 21% used [0x0000000703800000,0x0000000705090540,0x000000070aa80000)
 Metaspace       used 55655K, capacity 59034K, committed 59160K, reserved 1099776K
  class space    used 7589K, capacity 8144K, committed 8216K, reserved 1048576K
Event: 6.949 GC heap after
Heap after GC invocations=15 (full 2):
 PSYoungGen      total 217600K, used 1353K [0x0000000781300000, 0x0000000792d00000, 0x00000007c0000000)
  eden space 200704K, 0% used [0x0000000781300000,0x0000000781300000,0x000000078d700000)
  from space 16896K, 8% used [0x000000078d700000,0x000000078d852418,0x000000078e780000)
  to   space 17408K, 0% used [0x0000000791c00000,0x0000000791c00000,0x0000000792d00000)
 ParOldGen       total 117248K, used 33799K [0x0000000703800000, 0x000000070aa80000, 0x0000000781300000)
  object space 117248K, 28% used [0x0000000703800000,0x0000000705901d88,0x000000070aa80000)
 Metaspace       used 55655K, capacity 59034K, committed 59160K, reserved 1099776K
  class space    used 7589K, capacity 8144K, committed 8216K, reserved 1048576K
}
Event: 6.949 GC heap before
{Heap before GC invocations=16 (full 3):
 PSYoungGen      total 217600K, used 1353K [0x0000000781300000, 0x0000000792d00000, 0x00000007c0000000)
  eden space 200704K, 0% used [0x0000000781300000,0x0000000781300000,0x000000078d700000)
  from space 16896K, 8% used [0x000000078d700000,0x000000078d852418,0x000000078e780000)
  to   space 17408K, 0% used [0x0000000791c00000,0x0000000791c00000,0x0000000792d00000)
 ParOldGen       total 117248K, used 33799K [0x0000000703800000, 0x000000070aa80000, 0x0000000781300000)
  object space 117248K, 28% used [0x0000000703800000,0x0000000705901d88,0x000000070aa80000)
 Metaspace       used 55655K, capacity 59034K, committed 59160K, reserved 1099776K
  class space    used 7589K, capacity 8144K, committed 8216K, reserved 1048576K
Event: 7.064 GC heap after
Heap after GC invocations=16 (full 3):
 PSYoungGen      total 217600K, used 0K [0x0000000781300000, 0x0000000792d00000, 0x00000007c0000000)
  eden space 200704K, 0% used [0x0000000781300000,0x0000000781300000,0x000000078d700000)
  from space 16896K, 0% used [0x000000078d700000,0x000000078d700000,0x000000078e780000)
  to   space 17408K, 0% used [0x0000000791c00000,0x0000000791c00000,0x0000000792d00000)
 ParOldGen       total 170496K, used 24002K [0x0000000703800000, 0x000000070de80000, 0x0000000781300000)
  object space 170496K, 14% used [0x0000000703800000,0x0000000704f70af0,0x000000070de80000)
 Metaspace       used 55655K, capacity 59034K, committed 59160K, reserved 1099776K
  class space    used 7589K, capacity 8144K, committed 8216K, reserved 1048576K
}

